{
  "RSpec": {
    "coverage": {
      "/home/deqode/Documents/ajackus/config/environment.rb": {
        "lines": [
          null,
          1,
          null,
          null,
          1
        ]
      },
      "/home/deqode/Documents/ajackus/config/application.rb": {
        "lines": [
          1,
          null,
          1,
          null,
          null,
          null,
          1,
          null,
          1,
          1,
          null,
          1,
          null,
          1,
          null,
          1,
          null,
          null,
          null,
          null,
          null,
          null,
          null,
          null,
          null,
          null
        ]
      },
      "/home/deqode/Documents/ajackus/config/boot.rb": {
        "lines": [
          1,
          null,
          1,
          1
        ]
      },
      "/home/deqode/Documents/ajackus/config/environments/test.rb": {
        "lines": [
          1,
          null,
          null,
          null,
          null,
          null,
          null,
          1,
          null,
          null,
          1,
          1,
          null,
          null,
          null,
          null,
          1,
          null,
          null,
          1,
          1,
          null,
          null,
          null,
          null,
          1,
          1,
          1,
          null,
          null,
          1,
          null,
          null,
          1,
          null,
          null,
          1,
          null,
          1,
          null,
          null,
          null,
          null,
          1,
          null,
          null,
          1,
          null,
          null,
          1,
          null,
          null,
          1,
          null,
          null,
          null,
          null,
          null,
          null,
          null
        ]
      },
      "/home/deqode/Documents/ajackus/config/initializers/application_controller_renderer.rb": {
        "lines": [
          null,
          null,
          null,
          null,
          null,
          null,
          null,
          null
        ]
      },
      "/home/deqode/Documents/ajackus/config/initializers/assets.rb": {
        "lines": [
          null,
          null,
          null,
          1,
          null,
          null,
          null,
          null,
          1,
          null,
          null,
          null,
          null,
          null
        ]
      },
      "/home/deqode/Documents/ajackus/config/initializers/backtrace_silencers.rb": {
        "lines": [
          null,
          null,
          null,
          null,
          null,
          null,
          null,
          1
        ]
      },
      "/home/deqode/Documents/ajackus/config/initializers/constant.rb": {
        "lines": [
          1,
          1,
          null,
          1,
          null,
          null,
          null
        ]
      },
      "/home/deqode/Documents/ajackus/config/initializers/content_security_policy.rb": {
        "lines": [
          null,
          null,
          null,
          null,
          null,
          null,
          null,
          null,
          null,
          null,
          null,
          null,
          null,
          null,
          null,
          null,
          null,
          null,
          null,
          null,
          null,
          null,
          null,
          null,
          null,
          null,
          null,
          null,
          null,
          null
        ]
      },
      "/home/deqode/Documents/ajackus/config/initializers/cookies_serializer.rb": {
        "lines": [
          null,
          null,
          null,
          null,
          1
        ]
      },
      "/home/deqode/Documents/ajackus/config/initializers/filter_parameter_logging.rb": {
        "lines": [
          null,
          null,
          null,
          1,
          null,
          null
        ]
      },
      "/home/deqode/Documents/ajackus/config/initializers/inflections.rb": {
        "lines": [
          null,
          null,
          null,
          null,
          null,
          null,
          null,
          null,
          null,
          null,
          null,
          null,
          null,
          null,
          null,
          null
        ]
      },
      "/home/deqode/Documents/ajackus/config/initializers/mime_types.rb": {
        "lines": [
          null,
          null,
          null,
          null
        ]
      },
      "/home/deqode/Documents/ajackus/config/initializers/permissions_policy.rb": {
        "lines": [
          null,
          null,
          null,
          null,
          null,
          null,
          null,
          null,
          null,
          null,
          null
        ]
      },
      "/home/deqode/Documents/ajackus/config/initializers/sidekiq.rb": {
        "lines": [
          1,
          0,
          null,
          null,
          1,
          1,
          null,
          null,
          1,
          0,
          null
        ]
      },
      "/home/deqode/Documents/ajackus/config/initializers/wrap_parameters.rb": {
        "lines": [
          null,
          null,
          null,
          null,
          null,
          null,
          1,
          2,
          null,
          null,
          null,
          null,
          null,
          null
        ]
      },
      "/home/deqode/Documents/ajackus/config/routes.rb": {
        "lines": [
          1,
          1,
          null,
          1,
          null,
          1,
          null
        ]
      },
      "/home/deqode/Documents/ajackus/app/helpers/application_helper.rb": {
        "lines": [
          1,
          null
        ]
      },
      "/home/deqode/Documents/ajackus/app/controllers/contacts_controller.rb": {
        "lines": [
          1,
          1,
          1,
          null,
          null,
          1,
          5,
          5,
          3,
          3,
          null,
          2,
          null,
          null,
          null,
          1,
          1,
          5,
          null,
          null
        ]
      },
      "/home/deqode/Documents/ajackus/app/controllers/application_controller.rb": {
        "lines": [
          1,
          1,
          null,
          1,
          7,
          null,
          null,
          1,
          1,
          6,
          6,
          null,
          null
        ]
      },
      "/home/deqode/Documents/ajackus/spec/models/contact_spec.rb": {
        "lines": [
          1,
          1,
          null,
          1,
          3,
          null,
          1,
          2,
          2,
          2,
          2,
          2,
          2,
          null,
          null,
          1,
          3,
          null,
          null,
          1,
          2,
          2,
          2,
          2,
          2,
          null,
          null,
          1,
          1,
          1,
          null,
          null,
          null
        ]
      },
      "/home/deqode/Documents/ajackus/app/models/contact.rb": {
        "lines": [
          1,
          1,
          null,
          1,
          null,
          1,
          null,
          1,
          null,
          1,
          1,
          5,
          null,
          null
        ]
      },
      "/home/deqode/Documents/ajackus/app/models/application_record.rb": {
        "lines": [
          1,
          1,
          null
        ]
      },
      "/home/deqode/Documents/ajackus/spec/fabricators/contact_fabricator.rb": {
        "lines": [
          1,
          null,
          1,
          9,
          9,
          9,
          9,
          9,
          null
        ]
      },
      "/home/deqode/Documents/ajackus/app/workers/email_worker.rb": {
        "lines": [
          1,
          1,
          null,
          1,
          0,
          null,
          null
        ]
      }
    },
    "timestamp": 1612655771
  }
}
